2017-08-25 10:38:04 INFO  LoginTest:66 - starting test
2017-08-25 10:49:43 INFO  LoginTest:66 - starting test
2017-08-25 10:49:46 INFO  LoginTest:74 - passign message
2017-08-25 10:54:29 INFO  LoginTest:66 - starting test
2017-08-25 10:54:33 INFO  LoginTest:74 - passign message
2017-08-25 16:35:57 INFO  LoginTest:67 - starting test
2017-08-25 16:36:00 INFO  LoginTest:75 - passign message
2017-08-26 13:14:52 INFO  LoginTest:67 - starting test
2017-08-26 13:14:55 INFO  LoginTest:75 - passign message
2017-08-26 13:17:13 INFO  LoginTest:71 - starting test
2017-08-26 13:17:17 INFO  LoginTest:79 - passign message
2017-08-26 13:19:10 INFO  LoginTest:60 - entering Url
2017-08-26 13:19:13 INFO  LoginTest:63 - proivdeing excel path
2017-08-26 13:19:13 INFO  LoginTest:73 - starting test
2017-08-26 13:19:17 INFO  LoginTest:81 - passign message
2017-08-26 13:24:16 INFO  LoginTest:57 - enter browsertype
2017-08-26 13:24:23 INFO  LoginTest:61 - entering Url
2017-08-26 13:24:25 INFO  LoginTest:64 - proivdeing excel path
2017-08-26 13:24:26 INFO  LoginTest:74 - starting test
2017-08-26 13:24:29 INFO  LoginTest:82 - passign message
2017-08-26 13:38:23 INFO  LoginTest:57 - enter browsertype
2017-08-26 13:38:31 INFO  LoginTest:61 - entering Url
2017-08-26 13:38:34 INFO  LoginTest:64 - proivdeing excel path
2017-08-26 13:38:35 INFO  LoginTest:74 - starting test
2017-08-26 13:38:39 INFO  LoginTest:82 - passign message
